# JRE version: Java(TM) SE Runtime Environment (7.0_79-b15) (build 1.7.0_79-b15)
# Java VM: Java HotSpot(TM) 64-Bit Server VM (24.79-b02 mixed mode linux-amd64 compressed oops)
Heap
 PSYoungGen      total 196096K, used 179868K [0x00000000ebd00000, 0x00000000f9c80000, 0x0000000100000000)
  eden space 169472K, 100% used [0x00000000ebd00000,0x00000000f6280000,0x00000000f6280000)
  from space 26624K, 39% used [0x00000000f8280000,0x00000000f8ca7108,0x00000000f9c80000)
  to   space 29696K, 0% used [0x00000000f6280000,0x00000000f6280000,0x00000000f7f80000)
 ParOldGen       total 81408K, used 47873K [0x00000000c3800000, 0x00000000c8780000, 0x00000000ebd00000)
  object space 81408K, 58% used [0x00000000c3800000,0x00000000c66c0458,0x00000000c8780000)
 PSPermGen       total 54272K, used 54159K [0x00000000be600000, 0x00000000c1b00000, 0x00000000c3800000)
  object space 54272K, 99% used [0x00000000be600000,0x00000000c1ae3f60,0x00000000c1b00000)
GC Heap History (10 events):
Event: 17.298 GC heap before
{Heap before GC invocations=18 (full 1):
 PSYoungGen      total 125952K, used 125922K [0x00000000ebd00000, 0x00000000f5300000, 0x0000000100000000)
  eden space 109568K, 100% used [0x00000000ebd00000,0x00000000f2800000,0x00000000f2800000)
  from space 16384K, 99% used [0x00000000f4300000,0x00000000f52f88c8,0x00000000f5300000)
  to   space 19456K, 0% used [0x00000000f2d00000,0x00000000f2d00000,0x00000000f4000000)
 ParOldGen       total 58880K, used 30429K [0x00000000c3800000, 0x00000000c7180000, 0x00000000ebd00000)
  object space 58880K, 51% used [0x00000000c3800000,0x00000000c55b7788,0x00000000c7180000)
 PSPermGen       total 45568K, used 22634K [0x00000000be600000, 0x00000000c1280000, 0x00000000c3800000)
  object space 45568K, 49% used [0x00000000be600000,0x00000000bfc1a9f8,0x00000000c1280000)
Event: 17.324 GC heap after
Heap after GC invocations=18 (full 1):
 PSYoungGen      total 134144K, used 19454K [0x00000000ebd00000, 0x00000000f7c00000, 0x0000000100000000)
  eden space 114688K, 0% used [0x00000000ebd00000,0x00000000ebd00000,0x00000000f2d00000)
  from space 19456K, 99% used [0x00000000f2d00000,0x00000000f3fff900,0x00000000f4000000)
  to   space 26112K, 0% used [0x00000000f6280000,0x00000000f6280000,0x00000000f7c00000)
 ParOldGen       total 58880K, used 40113K [0x00000000c3800000, 0x00000000c7180000, 0x00000000ebd00000)
  object space 58880K, 68% used [0x00000000c3800000,0x00000000c5f2c648,0x00000000c7180000)
 PSPermGen       total 45568K, used 22634K [0x00000000be600000, 0x00000000c1280000, 0x00000000c3800000)
  object space 45568K, 49% used [0x00000000be600000,0x00000000bfc1a9f8,0x00000000c1280000)
}
Event: 17.957 GC heap before
{Heap before GC invocations=19 (full 1):
 PSYoungGen      total 134144K, used 134142K [0x00000000ebd00000, 0x00000000f7c00000, 0x0000000100000000)
  eden space 114688K, 100% used [0x00000000ebd00000,0x00000000f2d00000,0x00000000f2d00000)
  from space 19456K, 99% used [0x00000000f2d00000,0x00000000f3fff900,0x00000000f4000000)
  to   space 26112K, 0% used [0x00000000f6280000,0x00000000f6280000,0x00000000f7c00000)
 ParOldGen       total 58880K, used 40113K [0x00000000c3800000, 0x00000000c7180000, 0x00000000ebd00000)
  object space 58880K, 68% used [0x00000000c3800000,0x00000000c5f2c648,0x00000000c7180000)
 PSPermGen       total 45568K, used 22637K [0x00000000be600000, 0x00000000c1280000, 0x00000000c3800000)
  object space 45568K, 49% used [0x00000000be600000,0x00000000bfc1b7b0,0x00000000c1280000)
Event: 17.985 GC heap after
Heap after GC invocations=19 (full 1):
 PSYoungGen      total 165888K, used 24460K [0x00000000ebd00000, 0x00000000f8a00000, 0x0000000100000000)
  eden space 139776K, 0% used [0x00000000ebd00000,0x00000000ebd00000,0x00000000f4580000)
  from space 26112K, 93% used [0x00000000f6280000,0x00000000f7a63220,0x00000000f7c00000)
  to   space 29696K, 0% used [0x00000000f4580000,0x00000000f4580000,0x00000000f6280000)
 ParOldGen       total 58880K, used 51056K [0x00000000c3800000, 0x00000000c7180000, 0x00000000ebd00000)
  object space 58880K, 86% used [0x00000000c3800000,0x00000000c69dc070,0x00000000c7180000)
 PSPermGen       total 45568K, used 22637K [0x00000000be600000, 0x00000000c1280000, 0x00000000c3800000)
  object space 45568K, 49% used [0x00000000be600000,0x00000000bfc1b7b0,0x00000000c1280000)
}
Event: 17.985 GC heap before
{Heap before GC invocations=20 (full 2):
 PSYoungGen      total 165888K, used 24460K [0x00000000ebd00000, 0x00000000f8a00000, 0x0000000100000000)
  eden space 139776K, 0% used [0x00000000ebd00000,0x00000000ebd00000,0x00000000f4580000)
  from space 26112K, 93% used [0x00000000f6280000,0x00000000f7a63220,0x00000000f7c00000)
  to   space 29696K, 0% used [0x00000000f4580000,0x00000000f4580000,0x00000000f6280000)
 ParOldGen       total 58880K, used 51056K [0x00000000c3800000, 0x00000000c7180000, 0x00000000ebd00000)
  object space 58880K, 86% used [0x00000000c3800000,0x00000000c69dc070,0x00000000c7180000)
 PSPermGen       total 45568K, used 22637K [0x00000000be600000, 0x00000000c1280000, 0x00000000c3800000)
  object space 45568K, 49% used [0x00000000be600000,0x00000000bfc1b7b0,0x00000000c1280000)
Event: 18.062 GC heap after
Heap after GC invocations=20 (full 2):
 PSYoungGen      total 165888K, used 0K [0x00000000ebd00000, 0x00000000f8a00000, 0x0000000100000000)
  eden space 139776K, 0% used [0x00000000ebd00000,0x00000000ebd00000,0x00000000f4580000)
  from space 26112K, 0% used [0x00000000f6280000,0x00000000f6280000,0x00000000f7c00000)
  to   space 29696K, 0% used [0x00000000f4580000,0x00000000f4580000,0x00000000f6280000)
 ParOldGen       total 81408K, used 40190K [0x00000000c3800000, 0x00000000c8780000, 0x00000000ebd00000)
  object space 81408K, 49% used [0x00000000c3800000,0x00000000c5f3f8a0,0x00000000c8780000)
 PSPermGen       total 51200K, used 22637K [0x00000000be600000, 0x00000000c1800000, 0x00000000c3800000)
  object space 51200K, 44% used [0x00000000be600000,0x00000000bfc1b790,0x00000000c1800000)
}
Event: 19.714 GC heap before
{Heap before GC invocations=21 (full 2):
 PSYoungGen      total 165888K, used 139776K [0x00000000ebd00000, 0x00000000f8a00000, 0x0000000100000000)
  eden space 139776K, 100% used [0x00000000ebd00000,0x00000000f4580000,0x00000000f4580000)
  from space 26112K, 0% used [0x00000000f6280000,0x00000000f6280000,0x00000000f7c00000)
  to   space 29696K, 0% used [0x00000000f4580000,0x00000000f4580000,0x00000000f6280000)
 ParOldGen       total 81408K, used 40190K [0x00000000c3800000, 0x00000000c8780000, 0x00000000ebd00000)
  object space 81408K, 49% used [0x00000000c3800000,0x00000000c5f3f8a0,0x00000000c8780000)
 PSPermGen       total 51200K, used 29029K [0x00000000be600000, 0x00000000c1800000, 0x00000000c3800000)
  object space 51200K, 56% used [0x00000000be600000,0x00000000c0259680,0x00000000c1800000)
Event: 19.733 GC heap after
Heap after GC invocations=21 (full 2):
 PSYoungGen      total 169472K, used 20330K [0x00000000ebd00000, 0x00000000fa100000, 0x0000000100000000)
  eden space 139776K, 0% used [0x00000000ebd00000,0x00000000ebd00000,0x00000000f4580000)
  from space 29696K, 68% used [0x00000000f4580000,0x00000000f595a850,0x00000000f6280000)
  to   space 31232K, 0% used [0x00000000f8280000,0x00000000f8280000,0x00000000fa100000)
 ParOldGen       total 81408K, used 40198K [0x00000000c3800000, 0x00000000c8780000, 0x00000000ebd00000)
  object space 81408K, 49% used [0x00000000c3800000,0x00000000c5f418a0,0x00000000c8780000)
 PSPermGen       total 51200K, used 29029K [0x00000000be600000, 0x00000000c1800000, 0x00000000c3800000)
  object space 51200K, 56% used [0x00000000be600000,0x00000000c0259680,0x00000000c1800000)
}
Event: 22.944 GC heap before
{Heap before GC invocations=22 (full 2):
 PSYoungGen      total 169472K, used 160106K [0x00000000ebd00000, 0x00000000fa100000, 0x0000000100000000)
  eden space 139776K, 100% used [0x00000000ebd00000,0x00000000f4580000,0x00000000f4580000)
  from space 29696K, 68% used [0x00000000f4580000,0x00000000f595a850,0x00000000f6280000)
  to   space 31232K, 0% used [0x00000000f8280000,0x00000000f8280000,0x00000000fa100000)
 ParOldGen       total 81408K, used 40198K [0x00000000c3800000, 0x00000000c8780000, 0x00000000ebd00000)
  object space 81408K, 49% used [0x00000000c3800000,0x00000000c5f418a0,0x00000000c8780000)
 PSPermGen       total 51200K, used 39329K [0x00000000be600000, 0x00000000c1800000, 0x00000000c3800000)
  object space 51200K, 76% used [0x00000000be600000,0x00000000c0c68468,0x00000000c1800000)
Event: 23.004 GC heap after
Heap after GC invocations=22 (full 2):
 PSYoungGen      total 196096K, used 10396K [0x00000000ebd00000, 0x00000000f9c80000, 0x0000000100000000)
  eden space 169472K, 0% used [0x00000000ebd00000,0x00000000ebd00000,0x00000000f6280000)
  from space 26624K, 39% used [0x00000000f8280000,0x00000000f8ca7108,0x00000000f9c80000)
  to   space 29696K, 0% used [0x00000000f6280000,0x00000000f6280000,0x00000000f7f80000)
 ParOldGen       total 81408K, used 47873K [0x00000000c3800000, 0x00000000c8780000, 0x00000000ebd00000)
  object space 81408K, 58% used [0x00000000c3800000,0x00000000c66c0458,0x00000000c8780000)
 PSPermGen       total 51200K, used 39329K [0x00000000be600000, 0x00000000c1800000, 0x00000000c3800000)
  object space 51200K, 76% used [0x00000000be600000,0x00000000c0c68468,0x00000000c1800000)
}

